c:\users\admin\desktop\code\controllcameraqt\controllcameraqt\debug\vc120.pdb
c:\users\admin\desktop\code\controllcameraqt\controllcameraqt\debug\main.obj
c:\users\admin\desktop\code\controllcameraqt\controllcameraqt\debug\machinereader.obj
c:\users\admin\desktop\code\controllcameraqt\controllcameraqt\debug\moc_controllcameraqt.obj
c:\users\admin\desktop\code\controllcameraqt\controllcameraqt\debug\mparamreader.obj
c:\users\admin\desktop\code\controllcameraqt\controllcameraqt\debug\mfastudp.obj
c:\users\admin\desktop\code\controllcameraqt\controllcameraqt\debug\deskmedia.obj
c:\users\admin\desktop\code\controllcameraqt\controllcameraqt\debug\controllcameraqt.obj
c:\users\admin\desktop\code\controllcameraqt\controllcameraqt\debug\qrc_controllcameraqt.obj
c:\users\admin\desktop\code\controllcameraqt\controllcameraqt\generatedfiles\qrc_controllcameraqt.cpp
c:\users\admin\desktop\code\controllcameraqt\controllcameraqt\generatedfiles\ui_controllcameraqt.h
c:\users\admin\desktop\code\controllcameraqt\controllcameraqt\generatedfiles\debug\moc_controllcameraqt.cpp
c:\users\admin\desktop\code\controllcameraqt\win32\debug\controllcameraqt.ilk
c:\users\admin\desktop\code\controllcameraqt\win32\debug\controllcameraqt.exe
c:\users\admin\desktop\code\controllcameraqt\win32\debug\controllcameraqt.pdb
c:\users\admin\desktop\code\controllcameraqt\controllcameraqt\debug\controllcameraqt.tlog\cl.command.1.tlog
c:\users\admin\desktop\code\controllcameraqt\controllcameraqt\debug\controllcameraqt.tlog\cl.read.1.tlog
c:\users\admin\desktop\code\controllcameraqt\controllcameraqt\debug\controllcameraqt.tlog\cl.write.1.tlog
c:\users\admin\desktop\code\controllcameraqt\controllcameraqt\debug\controllcameraqt.tlog\custombuild.command.1.tlog
c:\users\admin\desktop\code\controllcameraqt\controllcameraqt\debug\controllcameraqt.tlog\custombuild.read.1.tlog
c:\users\admin\desktop\code\controllcameraqt\controllcameraqt\debug\controllcameraqt.tlog\custombuild.write.1.tlog
c:\users\admin\desktop\code\controllcameraqt\controllcameraqt\debug\controllcameraqt.tlog\link.command.1.tlog
c:\users\admin\desktop\code\controllcameraqt\controllcameraqt\debug\controllcameraqt.tlog\link.read.1.tlog
c:\users\admin\desktop\code\controllcameraqt\controllcameraqt\debug\controllcameraqt.tlog\link.write.1.tlog
