c:\users\admin\desktop\code\controllcameraqt\controllcameraqt\release\main.obj
c:\users\admin\desktop\code\controllcameraqt\controllcameraqt\release\machinereader.obj
c:\users\admin\desktop\code\controllcameraqt\controllcameraqt\release\moc_controllcameraqt.obj
c:\users\admin\desktop\code\controllcameraqt\controllcameraqt\release\mparamreader.obj
c:\users\admin\desktop\code\controllcameraqt\controllcameraqt\release\mfastudp.obj
c:\users\admin\desktop\code\controllcameraqt\controllcameraqt\release\deskmedia.obj
c:\users\admin\desktop\code\controllcameraqt\controllcameraqt\release\controllcameraqt.obj
c:\users\admin\desktop\code\controllcameraqt\controllcameraqt\release\qrc_controllcameraqt.obj
c:\users\admin\desktop\code\controllcameraqt\controllcameraqt\generatedfiles\release\moc_controllcameraqt.cpp
c:\users\admin\desktop\code\controllcameraqt\controllcameraqt\generatedfiles\ui_controllcameraqt.h
c:\users\admin\desktop\code\controllcameraqt\controllcameraqt\generatedfiles\qrc_controllcameraqt.cpp
c:\users\admin\desktop\code\controllcameraqt\win32\release\controllcameraqt.exe
c:\users\admin\desktop\code\controllcameraqt\controllcameraqt\release\controllcameraqt.tlog\cl.command.1.tlog
c:\users\admin\desktop\code\controllcameraqt\controllcameraqt\release\controllcameraqt.tlog\cl.read.1.tlog
c:\users\admin\desktop\code\controllcameraqt\controllcameraqt\release\controllcameraqt.tlog\cl.write.1.tlog
c:\users\admin\desktop\code\controllcameraqt\controllcameraqt\release\controllcameraqt.tlog\custombuild.command.1.tlog
c:\users\admin\desktop\code\controllcameraqt\controllcameraqt\release\controllcameraqt.tlog\custombuild.read.1.tlog
c:\users\admin\desktop\code\controllcameraqt\controllcameraqt\release\controllcameraqt.tlog\custombuild.write.1.tlog
c:\users\admin\desktop\code\controllcameraqt\controllcameraqt\release\controllcameraqt.tlog\link.command.1.tlog
c:\users\admin\desktop\code\controllcameraqt\controllcameraqt\release\controllcameraqt.tlog\link.read.1.tlog
c:\users\admin\desktop\code\controllcameraqt\controllcameraqt\release\controllcameraqt.tlog\link.write.1.tlog
